<?xml version="1.0" encoding="UTF-8"?>
<testsuite xmlns:xsi="http://www.w3.org/2001/XMLSchema-instance" xsi:noNamespaceSchemaLocation="https://maven.apache.org/surefire/maven-surefire-plugin/xsd/surefire-test-report.xsd" name="com.macrosoftas.TestExample" time="78.074" tests="3" errors="0" skipped="0" failures="0">
  <properties>
[...]
</properties>
  <testcase name="shouldCheckTheBox" classname="com.macrosoftas.TestExample" time="4.133"/>
  <testcase name="shouldClickButton" classname="com.macrosoftas.TestExample" time="0.344"/>
  <testcase name="shouldSearchWiki" classname="com.macrosoftas.TestExample" time="10.137"/>
</testsuite>